# JRE version: OpenJDK Runtime Environment Temurin-17.0.11+9 (17.0.11+9) (build 17.0.11+9)
# Java VM: OpenJDK 64-Bit Server VM Temurin-17.0.11+9 (17.0.11+9, mixed mode, emulated-client, tiered, compressed oops, compressed class ptrs, g1 gc, windows-amd64)
GC Precious Log:
 CPUs: 20 total, 20 available
 Memory: 16004M
 Large Page Support: Disabled
 NUMA Support: Disabled
 Compressed Oops: Enabled (32-bit)
 Heap Region Size: 1M
 Heap Min Capacity: 8M
 Heap Initial Capacity: 252M
 Heap Max Capacity: 1G
 Pre-touch: Disabled
 Parallel Workers: 15
 Concurrent Workers: 4
 Concurrent Refinement Workers: 15
 Periodic GC: Disabled
Heap:
 garbage-first heap   total 95232K, used 38165K [0x00000000c0000000, 0x0000000100000000)
  region size 1024K, 6 young (6144K), 5 survivors (5120K)
 Metaspace       used 61809K, committed 62400K, reserved 1114112K
  class space    used 7748K, committed 8000K, reserved 1048576K
GC Heap History (20 events):
Event: 12198.586 GC heap before
{Heap before GC invocations=680 (full 556):
 garbage-first heap   total 95232K, used 33227K [0x00000000c0000000, 0x0000000100000000)
  region size 1024K, 1 young (1024K), 0 survivors (0K)
 Metaspace       used 61829K, committed 62400K, reserved 1114112K
  class space    used 7752K, committed 8000K, reserved 1048576K
}
Event: 12198.622 GC heap after
{Heap after GC invocations=681 (full 557):
 garbage-first heap   total 95232K, used 32441K [0x00000000c0000000, 0x0000000100000000)
  region size 1024K, 0 young (0K), 0 survivors (0K)
 Metaspace       used 61809K, committed 62400K, reserved 1114112K
  class space    used 7748K, committed 8000K, reserved 1048576K
}
Event: 12208.758 GC heap before
{Heap before GC invocations=681 (full 557):
 garbage-first heap   total 95232K, used 32441K [0x00000000c0000000, 0x0000000100000000)
  region size 1024K, 1 young (1024K), 0 survivors (0K)
 Metaspace       used 61809K, committed 62400K, reserved 1114112K
  class space    used 7748K, committed 8000K, reserved 1048576K
}
Event: 12208.795 GC heap after
{Heap after GC invocations=682 (full 558):
 garbage-first heap   total 95232K, used 32441K [0x00000000c0000000, 0x0000000100000000)
  region size 1024K, 0 young (0K), 0 survivors (0K)
 Metaspace       used 61809K, committed 62400K, reserved 1114112K
  class space    used 7748K, committed 8000K, reserved 1048576K
}
Event: 12218.930 GC heap before
{Heap before GC invocations=682 (full 558):
 garbage-first heap   total 95232K, used 32441K [0x00000000c0000000, 0x0000000100000000)
  region size 1024K, 1 young (1024K), 0 survivors (0K)
 Metaspace       used 61809K, committed 62400K, reserved 1114112K
  class space    used 7748K, committed 8000K, reserved 1048576K
}
Event: 12218.965 GC heap after
{Heap after GC invocations=683 (full 559):
 garbage-first heap   total 95232K, used 32441K [0x00000000c0000000, 0x0000000100000000)
  region size 1024K, 0 young (0K), 0 survivors (0K)
 Metaspace       used 61809K, committed 62400K, reserved 1114112K
  class space    used 7748K, committed 8000K, reserved 1048576K
}
Event: 12229.087 GC heap before
{Heap before GC invocations=683 (full 559):
 garbage-first heap   total 95232K, used 32441K [0x00000000c0000000, 0x0000000100000000)
  region size 1024K, 1 young (1024K), 0 survivors (0K)
 Metaspace       used 61809K, committed 62400K, reserved 1114112K
  class space    used 7748K, committed 8000K, reserved 1048576K
}
Event: 12229.123 GC heap after
{Heap after GC invocations=684 (full 560):
 garbage-first heap   total 95232K, used 32441K [0x00000000c0000000, 0x0000000100000000)
  region size 1024K, 0 young (0K), 0 survivors (0K)
 Metaspace       used 61809K, committed 62400K, reserved 1114112K
  class space    used 7748K, committed 8000K, reserved 1048576K
}
Event: 12239.232 GC heap before
{Heap before GC invocations=684 (full 560):
 garbage-first heap   total 95232K, used 32441K [0x00000000c0000000, 0x0000000100000000)
  region size 1024K, 1 young (1024K), 0 survivors (0K)
 Metaspace       used 61809K, committed 62400K, reserved 1114112K
  class space    used 7748K, committed 8000K, reserved 1048576K
}
Event: 12239.269 GC heap after
{Heap after GC invocations=685 (full 561):
 garbage-first heap   total 95232K, used 32441K [0x00000000c0000000, 0x0000000100000000)
  region size 1024K, 0 young (0K), 0 survivors (0K)
 Metaspace       used 61809K, committed 62400K, reserved 1114112K
  class space    used 7748K, committed 8000K, reserved 1048576K
}
Event: 12249.364 GC heap before
{Heap before GC invocations=685 (full 561):
 garbage-first heap   total 95232K, used 32441K [0x00000000c0000000, 0x0000000100000000)
  region size 1024K, 1 young (1024K), 0 survivors (0K)
 Metaspace       used 61809K, committed 62400K, reserved 1114112K
  class space    used 7748K, committed 8000K, reserved 1048576K
}
Event: 12249.401 GC heap after
{Heap after GC invocations=686 (full 562):
 garbage-first heap   total 95232K, used 32439K [0x00000000c0000000, 0x0000000100000000)
  region size 1024K, 0 young (0K), 0 survivors (0K)
 Metaspace       used 61809K, committed 62400K, reserved 1114112K
  class space    used 7748K, committed 8000K, reserved 1048576K
}
Event: 12259.520 GC heap before
{Heap before GC invocations=686 (full 562):
 garbage-first heap   total 95232K, used 32439K [0x00000000c0000000, 0x0000000100000000)
  region size 1024K, 1 young (1024K), 0 survivors (0K)
 Metaspace       used 61809K, committed 62400K, reserved 1114112K
  class space    used 7748K, committed 8000K, reserved 1048576K
}
Event: 12259.552 GC heap after
{Heap after GC invocations=687 (full 563):
 garbage-first heap   total 95232K, used 32439K [0x00000000c0000000, 0x0000000100000000)
  region size 1024K, 0 young (0K), 0 survivors (0K)
 Metaspace       used 61809K, committed 62400K, reserved 1114112K
  class space    used 7748K, committed 8000K, reserved 1048576K
}
Event: 12349.692 GC heap before
{Heap before GC invocations=687 (full 563):
 garbage-first heap   total 95232K, used 33463K [0x00000000c0000000, 0x0000000100000000)
  region size 1024K, 2 young (2048K), 0 survivors (0K)
 Metaspace       used 61809K, committed 62400K, reserved 1114112K
  class space    used 7748K, committed 8000K, reserved 1048576K
}
Event: 12349.723 GC heap after
{Heap after GC invocations=688 (full 564):
 garbage-first heap   total 95232K, used 32440K [0x00000000c0000000, 0x0000000100000000)
  region size 1024K, 0 young (0K), 0 survivors (0K)
 Metaspace       used 61809K, committed 62400K, reserved 1114112K
  class space    used 7748K, committed 8000K, reserved 1048576K
}
Event: 12359.807 GC heap before
{Heap before GC invocations=688 (full 564):
 garbage-first heap   total 95232K, used 32440K [0x00000000c0000000, 0x0000000100000000)
  region size 1024K, 1 young (1024K), 0 survivors (0K)
 Metaspace       used 61809K, committed 62400K, reserved 1114112K
  class space    used 7748K, committed 8000K, reserved 1048576K
}
Event: 12359.840 GC heap after
{Heap after GC invocations=689 (full 565):
 garbage-first heap   total 95232K, used 32438K [0x00000000c0000000, 0x0000000100000000)
  region size 1024K, 0 young (0K), 0 survivors (0K)
 Metaspace       used 61809K, committed 62400K, reserved 1114112K
  class space    used 7748K, committed 8000K, reserved 1048576K
}
Event: 12390.951 GC heap before
{Heap before GC invocations=689 (full 565):
 garbage-first heap   total 95232K, used 75446K [0x00000000c0000000, 0x0000000100000000)
  region size 1024K, 42 young (43008K), 0 survivors (0K)
 Metaspace       used 61809K, committed 62400K, reserved 1114112K
  class space    used 7748K, committed 8000K, reserved 1048576K
}
Event: 12390.953 GC heap after
{Heap after GC invocations=690 (full 565):
 garbage-first heap   total 95232K, used 38165K [0x00000000c0000000, 0x0000000100000000)
  region size 1024K, 5 young (5120K), 5 survivors (5120K)
 Metaspace       used 61809K, committed 62400K, reserved 1114112K
  class space    used 7748K, committed 8000K, reserved 1048576K
}

